1748415497283:help
1748594180412:hello-world hi
1748594209626:say test
1748594328389:say
1748594330399:say this
1748594331535:say that
1748596947600:help
1748597091704:say 1
1748597095272:say 1 2
1748597104398:say nigga ballz, ballz2
1748599019236:help
1748599050929:say
1748599057910:connect
1748599072344:connect jordancmh nigga
1748599075831:register
1748599079716:register jordan nigga88
1748599084003:register jordan
1748599090886:connect jordan
1748599098467:connect jordan nigga88
1748599150897:register jordan pass
1748599154833:connect jordan pass
1748599739324:help
1748599864438:register jordan pass
1748599870774:connect jordan pass1
1748599873798:connect jordan pass
1748599877503:say shitcakes
1748599948916:help
1748599955225:connect jordan pass
1748599963614:register jordan pass
1748599966136:connect jordan pass
1748599967510:help
1748600126780:connect
1748600150366:help
1748600159404:register jordan jpass123
1748600168761:register nigga npass123
1748600174422:connect nigg
1748600177233:connect nigga
1748600181794:connect nigga npass123
1748600184584:get-users
1748600201015:say im a nigga
1748600208423:say 'im a nigga'
